{
  "RSpec": {
    "coverage": {
      "/home/olegphenomenon/Документы/Projects/feed_news/config/environment.rb": {
        "lines": [
          null,
          1,
          null,
          null,
          1
        ]
      },
      "/home/olegphenomenon/Документы/Projects/feed_news/config/application.rb": {
        "lines": [
          1,
          null,
          1,
          null,
          null,
          null,
          1,
          null,
          1,
          1,
          null,
          null,
          null,
          1,
          1,
          null,
          null,
          null,
          null,
          null,
          null,
          null,
          1,
          null,
          null
        ]
      },
      "/home/olegphenomenon/Документы/Projects/feed_news/config/boot.rb": {
        "lines": [
          1,
          null,
          1,
          1
        ]
      },
      "/home/olegphenomenon/Документы/Projects/feed_news/config/environments/test.rb": {
        "lines": [
          1,
          null,
          null,
          null,
          null,
          null,
          null,
          1,
          null,
          null,
          null,
          1,
          null,
          null,
          null,
          null,
          1,
          null,
          null,
          1,
          1,
          null,
          null,
          null,
          null,
          1,
          1,
          1,
          null,
          null,
          1,
          null,
          null,
          1,
          null,
          null,
          1,
          null,
          1,
          null,
          null,
          null,
          null,
          1,
          null,
          null,
          1,
          null,
          null,
          1,
          null,
          null,
          1,
          null,
          null,
          null,
          null,
          null,
          null,
          null
        ]
      },
      "/home/olegphenomenon/Документы/Projects/feed_news/config/initializers/assets.rb": {
        "lines": [
          null,
          null,
          null,
          1,
          null,
          null,
          null,
          1,
          null,
          null,
          null,
          null,
          null
        ]
      },
      "/home/olegphenomenon/Документы/Projects/feed_news/config/initializers/content_security_policy.rb": {
        "lines": [
          null,
          null,
          null,
          null,
          null,
          null,
          null,
          null,
          null,
          null,
          null,
          null,
          null,
          null,
          null,
          null,
          null,
          null,
          null,
          null,
          null,
          null,
          null,
          null,
          null
        ]
      },
      "/home/olegphenomenon/Документы/Projects/feed_news/config/initializers/devise.rb": {
        "lines": [
          null,
          null,
          1,
          1,
          0,
          0,
          null,
          0,
          null,
          null,
          null,
          1,
          0,
          null,
          null,
          null,
          null,
          null,
          null,
          null,
          null,
          null,
          null,
          null,
          1,
          1,
          null,
          null,
          null,
          null,
          null,
          null,
          null,
          null,
          null,
          null,
          null,
          null,
          null,
          null,
          null,
          1,
          null,
          null,
          null,
          null,
          null,
          null,
          null,
          null,
          null,
          null,
          null,
          1,
          null,
          null,
          null,
          null,
          null,
          null,
          null,
          null,
          null,
          null,
          null,
          null,
          null,
          null,
          null,
          null,
          null,
          null,
          null,
          null,
          null,
          1,
          null,
          null,
          null,
          null,
          1,
          null,
          null,
          null,
          null,
          null,
          null,
          null,
          null,
          null,
          null,
          null,
          null,
          null,
          null,
          null,
          null,
          null,
          null,
          null,
          null,
          null,
          null,
          null,
          null,
          null,
          null,
          null,
          null,
          null,
          null,
          null,
          null,
          null,
          1,
          null,
          null,
          null,
          null,
          null,
          null,
          null,
          null,
          null,
          null,
          null,
          null,
          null,
          null,
          null,
          null,
          null,
          null,
          null,
          null,
          null,
          null,
          null,
          null,
          null,
          1,
          null,
          null,
          null,
          null,
          null,
          null,
          null,
          null,
          null,
          null,
          null,
          null,
          null,
          null,
          null,
          null,
          null,
          null,
          null,
          null,
          null,
          null,
          null,
          null,
          null,
          null,
          null,
          null,
          null,
          null,
          null,
          null,
          null,
          1,
          null,
          null,
          null,
          null,
          null,
          null,
          null,
          null,
          null,
          1,
          null,
          null,
          null,
          null,
          null,
          null,
          null,
          null,
          null,
          null,
          1,
          null,
          null,
          null,
          null,
          1,
          null,
          null,
          null,
          null,
          null,
          null,
          null,
          null,
          null,
          null,
          null,
          null,
          null,
          null,
          null,
          null,
          null,
          null,
          null,
          null,
          null,
          null,
          null,
          null,
          null,
          null,
          null,
          null,
          null,
          null,
          null,
          null,
          null,
          null,
          null,
          null,
          null,
          null,
          null,
          null,
          1,
          null,
          null,
          null,
          null,
          null,
          null,
          null,
          null,
          null,
          null,
          null,
          null,
          null,
          null,
          null,
          null,
          null,
          null,
          null,
          null,
          null,
          null,
          null,
          null,
          null,
          null,
          null,
          null,
          null,
          null,
          null,
          null,
          null,
          null,
          null,
          null,
          null,
          null,
          1,
          null,
          null,
          1,
          null,
          null,
          null,
          null,
          null,
          null,
          null,
          null,
          null,
          null,
          null,
          null,
          null,
          null,
          null,
          1,
          1,
          null,
          null,
          null,
          null,
          null,
          null,
          null,
          null,
          null,
          null,
          null,
          null,
          null,
          null,
          null,
          null,
          null,
          null,
          null,
          null,
          null,
          null,
          null,
          null,
          null,
          null,
          null,
          null,
          null
        ]
      },
      "/home/olegphenomenon/Документы/Projects/feed_news/config/initializers/filter_parameter_logging.rb": {
        "lines": [
          null,
          null,
          null,
          null,
          null,
          1,
          null,
          null
        ]
      },
      "/home/olegphenomenon/Документы/Projects/feed_news/config/initializers/html_sanitization.rb": {
        "lines": [
          1,
          1,
          1
        ]
      },
      "/home/olegphenomenon/Документы/Projects/feed_news/config/initializers/inflections.rb": {
        "lines": [
          null,
          null,
          null,
          null,
          null,
          null,
          null,
          null,
          null,
          null,
          null,
          null,
          null,
          null,
          null,
          null
        ]
      },
      "/home/olegphenomenon/Документы/Projects/feed_news/config/initializers/permissions_policy.rb": {
        "lines": [
          null,
          null,
          null,
          null,
          null,
          null,
          null,
          null,
          null,
          null,
          null
        ]
      },
      "/home/olegphenomenon/Документы/Projects/feed_news/spec/factories/pins.rb": {
        "lines": [
          1,
          1,
          1,
          1,
          12,
          12,
          null,
          null
        ]
      },
      "/home/olegphenomenon/Документы/Projects/feed_news/spec/factories/posts.rb": {
        "lines": [
          1,
          1,
          23,
          48,
          48,
          48,
          1,
          null,
          null
        ]
      },
      "/home/olegphenomenon/Документы/Projects/feed_news/spec/factories/users.rb": {
        "lines": [
          1,
          1,
          64,
          64,
          64,
          64,
          null,
          null
        ]
      },
      "/home/olegphenomenon/Документы/Projects/feed_news/config/routes.rb": {
        "lines": [
          1,
          1,
          1,
          1,
          null,
          1,
          1,
          1,
          1,
          1,
          null,
          null,
          null
        ]
      },
      "/home/olegphenomenon/Документы/Projects/feed_news/app/models/user.rb": {
        "lines": [
          1,
          1,
          null,
          null,
          1,
          1,
          1,
          null,
          1,
          1,
          null,
          1,
          1,
          null,
          1,
          0,
          null,
          null
        ]
      },
      "/home/olegphenomenon/Документы/Projects/feed_news/app/models/application_record.rb": {
        "lines": [
          1,
          1,
          null
        ]
      },
      "/home/olegphenomenon/Документы/Projects/feed_news/app/helpers/application_helper.rb": {
        "lines": [
          1,
          1,
          null
        ]
      },
      "/home/olegphenomenon/Документы/Projects/feed_news/app/helpers/feeds_helper.rb": {
        "lines": [
          1,
          null
        ]
      },
      "/home/olegphenomenon/Документы/Projects/feed_news/app/helpers/posts_helper.rb": {
        "lines": [
          1,
          null
        ]
      },
      "/home/olegphenomenon/Документы/Projects/feed_news/spec/support/chrome.rb": {
        "lines": [
          1,
          1,
          0,
          0,
          null,
          0,
          null,
          null,
          null
        ]
      },
      "/home/olegphenomenon/Документы/Projects/feed_news/spec/support/controller_macros.rb": {
        "lines": [
          1,
          1,
          0,
          0,
          0,
          0,
          null,
          null,
          null,
          1,
          0,
          null,
          null
        ]
      },
      "/home/olegphenomenon/Документы/Projects/feed_news/spec/support/devise.rb": {
        "lines": [
          1,
          null,
          1,
          1,
          1,
          null
        ]
      },
      "/home/olegphenomenon/Документы/Projects/feed_news/spec/support/factory_bot.rb": {
        "lines": [
          1,
          1,
          null
        ]
      },
      "/home/olegphenomenon/Документы/Projects/feed_news/app/components/post_component.rb": {
        "lines": [
          null,
          null,
          1,
          1,
          1,
          null,
          1,
          1,
          1,
          1,
          1,
          null,
          1,
          null,
          1,
          5,
          5,
          5,
          5,
          null,
          null,
          1,
          0,
          null,
          null,
          1,
          13,
          null,
          null,
          1,
          3,
          null,
          null,
          1,
          5,
          5,
          5,
          null,
          null,
          null,
          0,
          null,
          0,
          null,
          null,
          null,
          null,
          null
        ]
      },
      "/home/olegphenomenon/Документы/Projects/feed_news/spec/controllers/pins_spec.rb": {
        "lines": [
          1,
          null,
          1,
          1,
          3,
          3,
          3,
          null,
          1,
          2,
          2,
          null,
          null,
          1,
          1,
          1,
          1,
          1,
          1,
          null,
          1,
          1,
          null,
          null,
          1,
          1,
          1,
          1,
          1,
          1,
          null,
          1,
          1,
          null,
          null,
          null
        ]
      },
      "/home/olegphenomenon/Документы/Projects/feed_news/app/controllers/pins_controller.rb": {
        "lines": [
          1,
          1,
          null,
          1,
          1,
          1,
          1,
          null,
          1,
          0,
          null,
          0,
          0,
          0,
          0,
          null,
          0,
          0,
          null,
          0,
          null,
          null,
          null,
          null,
          null,
          null,
          null,
          null,
          0,
          0,
          null,
          null,
          null,
          null,
          null,
          0,
          0,
          0,
          null,
          0,
          null,
          null,
          0,
          null,
          null,
          null,
          null,
          1,
          0,
          null,
          0,
          0,
          0,
          0,
          0,
          0,
          null,
          0,
          0,
          null,
          null,
          null,
          0,
          null,
          null,
          0,
          0,
          null,
          0,
          null,
          null,
          null,
          null,
          null,
          null,
          null,
          null,
          0,
          0,
          null,
          null,
          null,
          null,
          null,
          null,
          null,
          1,
          1,
          1,
          null,
          1,
          null,
          null,
          1,
          1,
          null,
          1,
          1,
          null,
          null,
          1,
          null,
          1,
          2,
          null,
          null,
          1,
          1,
          null,
          null,
          1,
          1,
          null,
          null,
          1,
          2,
          null,
          2,
          2,
          2,
          2,
          0,
          null,
          2,
          null,
          null,
          2,
          2,
          null,
          null,
          null,
          null,
          null,
          null,
          0,
          0,
          null,
          null,
          null,
          null,
          null,
          null,
          null,
          1,
          2,
          null,
          null
        ]
      },
      "/home/olegphenomenon/Документы/Projects/feed_news/app/controllers/application_controller.rb": {
        "lines": [
          1,
          1,
          null,
          1,
          1,
          null,
          1,
          0,
          null,
          null,
          1,
          2,
          null,
          null,
          1,
          2,
          null,
          null
        ]
      },
      "/home/olegphenomenon/Документы/Projects/feed_news/spec/models/pin_spec.rb": {
        "lines": [
          1,
          null,
          1,
          1,
          2,
          2,
          2,
          2,
          null,
          1,
          1,
          1,
          null,
          1,
          1,
          null,
          1,
          1,
          1,
          1,
          null,
          null,
          null
        ]
      },
      "/home/olegphenomenon/Документы/Projects/feed_news/app/models/pin.rb": {
        "lines": [
          1,
          1,
          1,
          null,
          1,
          null
        ]
      },
      "/home/olegphenomenon/Документы/Projects/feed_news/spec/models/post_spec.rb": {
        "lines": [
          1,
          null,
          1,
          18,
          null,
          1,
          4,
          null,
          1,
          3,
          null,
          1,
          1,
          1,
          1,
          null,
          1,
          1,
          null,
          null,
          1,
          1,
          1,
          1,
          null,
          1,
          1,
          null,
          null,
          null,
          1,
          3,
          null,
          1,
          1,
          1,
          1,
          null,
          1,
          1,
          null,
          null,
          1,
          1,
          1,
          1,
          null,
          1,
          1,
          null,
          null,
          null,
          1,
          2,
          null,
          1,
          1,
          null,
          1,
          null,
          1,
          1,
          null,
          null,
          null,
          1,
          4,
          4,
          4,
          null,
          1,
          3,
          3,
          3,
          3,
          null,
          null,
          1,
          1,
          null,
          null,
          1,
          1,
          null,
          null,
          1,
          1,
          null,
          null,
          null,
          1,
          2,
          2,
          2,
          2,
          null,
          1,
          1,
          1,
          1,
          1,
          null,
          null,
          1,
          1,
          1,
          1,
          1,
          null,
          1,
          null,
          null,
          null,
          null,
          1,
          1,
          3,
          3,
          3,
          3,
          null,
          1,
          2,
          2,
          2,
          2,
          2,
          null,
          null,
          1,
          1,
          1,
          null,
          1,
          null,
          1,
          null,
          null,
          1,
          1,
          1,
          1,
          null,
          1,
          1,
          null,
          1,
          null,
          1,
          null,
          null,
          null,
          null,
          null,
          null,
          null,
          null,
          null,
          null,
          null,
          null,
          null,
          null,
          null,
          null,
          1,
          4,
          3,
          null,
          1,
          1,
          null,
          1,
          null,
          null,
          1,
          1,
          null,
          1,
          null,
          null,
          1,
          1,
          1,
          null,
          1,
          null,
          null,
          1,
          1,
          null,
          1,
          null,
          null,
          1,
          1,
          null,
          1,
          1,
          null,
          1,
          1,
          null,
          1,
          null,
          null,
          null,
          1,
          3,
          null,
          1,
          1,
          1,
          1,
          1,
          null,
          null,
          1,
          1,
          1,
          null,
          1,
          1,
          null,
          null,
          null,
          null,
          null,
          null,
          null,
          null,
          null,
          null,
          null,
          null,
          null,
          null,
          null,
          null,
          null,
          null,
          null,
          null,
          null,
          null,
          null
        ]
      },
      "/home/olegphenomenon/Документы/Projects/feed_news/app/models/post.rb": {
        "lines": [
          1,
          1,
          1,
          null,
          1,
          1,
          1,
          null,
          1,
          null,
          3,
          3,
          7,
          null,
          1,
          5,
          null,
          4,
          null,
          null,
          1,
          3,
          null,
          3,
          null,
          3,
          null,
          null,
          1,
          2,
          null,
          2,
          null,
          null,
          1,
          1,
          null,
          1,
          1,
          null,
          1,
          61,
          null,
          59,
          null,
          null,
          1,
          61,
          null,
          null,
          1,
          3,
          0,
          null,
          null,
          3,
          3,
          null,
          null,
          1,
          59,
          null,
          null,
          1,
          2,
          null,
          null,
          null,
          null,
          null,
          1,
          2,
          null,
          2,
          null,
          null,
          1,
          2,
          null,
          2,
          null,
          null
        ]
      },
      "/home/olegphenomenon/Документы/Projects/feed_news/spec/models/user_spec.rb": {
        "lines": [
          1,
          null,
          1,
          1,
          null
        ]
      },
      "/home/olegphenomenon/Документы/Projects/feed_news/app/controllers/turbo_devise_controller.rb": {
        "lines": [
          1,
          1,
          1,
          0,
          null,
          0,
          0,
          0,
          0,
          null,
          0,
          null,
          null,
          null,
          null,
          1,
          1,
          null
        ]
      },
      "/home/olegphenomenon/Документы/Projects/feed_news/app/models/ability.rb": {
        "lines": [
          1,
          1,
          null,
          1,
          null,
          null,
          null,
          null,
          null,
          null,
          null,
          null,
          null,
          null,
          null,
          null,
          null,
          null,
          null,
          null,
          null,
          null,
          null,
          null,
          null,
          null,
          null,
          null,
          null,
          null,
          null,
          2,
          2,
          2,
          2,
          2,
          2,
          null,
          null
        ]
      },
      "/home/olegphenomenon/Документы/Projects/feed_news/app/services/pins/move_pin_service.rb": {
        "lines": [
          1,
          1,
          1,
          null,
          1,
          null,
          1,
          2,
          2,
          2,
          null,
          null,
          1,
          1,
          1,
          null,
          null,
          1,
          1,
          1,
          null,
          null,
          null,
          null,
          1,
          0,
          0,
          null,
          0,
          null,
          null,
          1,
          0,
          0,
          null,
          0,
          null,
          null,
          null,
          null,
          1,
          1,
          1,
          null,
          1,
          null,
          null,
          1,
          1,
          1,
          null,
          1,
          null,
          null,
          1,
          null,
          1,
          2,
          2,
          null,
          null,
          1,
          0,
          null,
          null,
          1,
          0,
          null,
          null,
          1,
          2,
          1,
          null,
          1,
          null,
          null,
          null,
          1,
          2,
          2,
          null,
          null,
          null
        ]
      },
      "/home/olegphenomenon/Документы/Projects/feed_news/app/services/base_service.rb": {
        "lines": [
          1,
          null,
          null,
          null,
          null,
          null,
          null,
          null,
          null,
          null,
          null,
          1,
          2,
          2,
          2,
          null,
          2,
          null,
          null,
          null,
          null
        ]
      }
    },
    "timestamp": 1666641627
  }
}
